# JRE version: Java(TM) SE Runtime Environment (16.0.2+7) (build 16.0.2+7-67)
# Java VM: Java HotSpot(TM) 64-Bit Server VM (16.0.2+7-67, mixed mode, sharing, tiered, compressed oops, compressed class ptrs, g1 gc, windows-amd64)
GC Precious Log:
 CPUs: 4 total, 4 available
 Memory: 6094M
 Large Page Support: Disabled
 NUMA Support: Disabled
 Compressed Oops: Enabled (32-bit)
 Heap Region Size: 1M
 Heap Min Capacity: 8M
 Heap Initial Capacity: 96M
 Heap Max Capacity: 1524M
 Pre-touch: Disabled
 Parallel Workers: 4
 Concurrent Workers: 1
 Concurrent Refinement Workers: 4
 Periodic GC: Disabled
Heap:
 garbage-first heap   total 482304K, used 259584K [0x00000000a0c00000, 0x0000000100000000)
  region size 1024K, 10 young (10240K), 10 survivors (10240K)
 Metaspace       used 12788K, committed 12928K, reserved 1064960K
  class space    used 1445K, committed 1536K, reserved 1048576K
GC Heap History (20 events):
Event: 35.423 GC heap after
{Heap after GC invocations=12 (full 0):
 garbage-first heap   total 376832K, used 80421K [0x00000000a0c00000, 0x0000000100000000)
  region size 1024K, 22 young (22528K), 22 survivors (22528K)
 Metaspace       used 12788K, committed 12928K, reserved 1064960K
  class space    used 1445K, committed 1536K, reserved 1048576K
}
Event: 36.182 GC heap before
{Heap before GC invocations=12 (full 0):
 garbage-first heap   total 376832K, used 283173K [0x00000000a0c00000, 0x0000000100000000)
  region size 1024K, 220 young (225280K), 22 survivors (22528K)
 Metaspace       used 12788K, committed 12928K, reserved 1064960K
  class space    used 1445K, committed 1536K, reserved 1048576K
}
Event: 36.231 GC heap after
{Heap after GC invocations=13 (full 0):
 garbage-first heap   total 376832K, used 98644K [0x00000000a0c00000, 0x0000000100000000)
  region size 1024K, 19 young (19456K), 19 survivors (19456K)
 Metaspace       used 12788K, committed 12928K, reserved 1064960K
  class space    used 1445K, committed 1536K, reserved 1048576K
}
Event: 36.708 GC heap before
{Heap before GC invocations=13 (full 0):
 garbage-first heap   total 376832K, used 291156K [0x00000000a0c00000, 0x0000000100000000)
  region size 1024K, 206 young (210944K), 19 survivors (19456K)
 Metaspace       used 12788K, committed 12928K, reserved 1064960K
  class space    used 1445K, committed 1536K, reserved 1048576K
}
Event: 36.749 GC heap after
{Heap after GC invocations=14 (full 0):
 garbage-first heap   total 376832K, used 112640K [0x00000000a0c00000, 0x0000000100000000)
  region size 1024K, 13 young (13312K), 13 survivors (13312K)
 Metaspace       used 12788K, committed 12928K, reserved 1064960K
  class space    used 1445K, committed 1536K, reserved 1048576K
}
Event: 40.260 GC heap before
{Heap before GC invocations=14 (full 0):
 garbage-first heap   total 376832K, used 299008K [0x00000000a0c00000, 0x0000000100000000)
  region size 1024K, 193 young (197632K), 13 survivors (13312K)
 Metaspace       used 12788K, committed 12928K, reserved 1064960K
  class space    used 1445K, committed 1536K, reserved 1048576K
}
Event: 40.291 GC heap after
{Heap after GC invocations=15 (full 0):
 garbage-first heap   total 482304K, used 128512K [0x00000000a0c00000, 0x0000000100000000)
  region size 1024K, 25 young (25600K), 25 survivors (25600K)
 Metaspace       used 12788K, committed 12928K, reserved 1064960K
  class space    used 1445K, committed 1536K, reserved 1048576K
}
Event: 42.279 GC heap before
{Heap before GC invocations=15 (full 0):
 garbage-first heap   total 482304K, used 379392K [0x00000000a0c00000, 0x0000000100000000)
  region size 1024K, 270 young (276480K), 25 survivors (25600K)
 Metaspace       used 12788K, committed 12928K, reserved 1064960K
  class space    used 1445K, committed 1536K, reserved 1048576K
}
Event: 42.337 GC heap after
{Heap after GC invocations=16 (full 0):
 garbage-first heap   total 482304K, used 160449K [0x00000000a0c00000, 0x0000000100000000)
  region size 1024K, 34 young (34816K), 34 survivors (34816K)
 Metaspace       used 12788K, committed 12928K, reserved 1064960K
  class space    used 1445K, committed 1536K, reserved 1048576K
}
Event: 45.968 GC heap before
{Heap before GC invocations=16 (full 0):
 garbage-first heap   total 482304K, used 375489K [0x00000000a0c00000, 0x0000000100000000)
  region size 1024K, 244 young (249856K), 34 survivors (34816K)
 Metaspace       used 12788K, committed 12928K, reserved 1064960K
  class space    used 1445K, committed 1536K, reserved 1048576K
}
Event: 48.082 GC heap after
{Heap after GC invocations=17 (full 0):
 garbage-first heap   total 482304K, used 173568K [0x00000000a0c00000, 0x0000000100000000)
  region size 1024K, 13 young (13312K), 13 survivors (13312K)
 Metaspace       used 12788K, committed 12928K, reserved 1064960K
  class space    used 1445K, committed 1536K, reserved 1048576K
}
Event: 49.165 GC heap before
{Heap before GC invocations=17 (full 0):
 garbage-first heap   total 482304K, used 384512K [0x00000000a0c00000, 0x0000000100000000)
  region size 1024K, 219 young (224256K), 13 survivors (13312K)
 Metaspace       used 12788K, committed 12928K, reserved 1064960K
  class space    used 1445K, committed 1536K, reserved 1048576K
}
Event: 49.617 GC heap after
{Heap after GC invocations=18 (full 0):
 garbage-first heap   total 482304K, used 182272K [0x00000000a0c00000, 0x0000000100000000)
  region size 1024K, 21 young (21504K), 21 survivors (21504K)
 Metaspace       used 12788K, committed 12928K, reserved 1064960K
  class space    used 1445K, committed 1536K, reserved 1048576K
}
Event: 52.148 GC heap before
{Heap before GC invocations=18 (full 0):
 garbage-first heap   total 482304K, used 394240K [0x00000000a0c00000, 0x0000000100000000)
  region size 1024K, 226 young (231424K), 21 survivors (21504K)
 Metaspace       used 12788K, committed 12928K, reserved 1064960K
  class space    used 1445K, committed 1536K, reserved 1048576K
}
Event: 52.180 GC heap after
{Heap after GC invocations=19 (full 0):
 garbage-first heap   total 482304K, used 191224K [0x00000000a0c00000, 0x0000000100000000)
  region size 1024K, 16 young (16384K), 16 survivors (16384K)
 Metaspace       used 12788K, committed 12928K, reserved 1064960K
  class space    used 1445K, committed 1536K, reserved 1048576K
}
Event: 53.581 GC heap before
{Heap before GC invocations=19 (full 0):
 garbage-first heap   total 482304K, used 398072K [0x00000000a0c00000, 0x0000000100000000)
  region size 1024K, 218 young (223232K), 16 survivors (16384K)
 Metaspace       used 12788K, committed 12928K, reserved 1064960K
  class space    used 1445K, committed 1536K, reserved 1048576K
}
Event: 54.355 GC heap after
{Heap after GC invocations=20 (full 0):
 garbage-first heap   total 482304K, used 224234K [0x00000000a0c00000, 0x0000000100000000)
  region size 1024K, 28 young (28672K), 28 survivors (28672K)
 Metaspace       used 12788K, committed 12928K, reserved 1064960K
  class space    used 1445K, committed 1536K, reserved 1048576K
}
Event: 54.880 GC heap before
{Heap before GC invocations=20 (full 0):
 garbage-first heap   total 482304K, used 394218K [0x00000000a0c00000, 0x0000000100000000)
  region size 1024K, 191 young (195584K), 28 survivors (28672K)
 Metaspace       used 12788K, committed 12928K, reserved 1064960K
  class space    used 1445K, committed 1536K, reserved 1048576K
}
Event: 55.145 GC heap after
{Heap after GC invocations=21 (full 0):
 garbage-first heap   total 482304K, used 249344K [0x00000000a0c00000, 0x0000000100000000)
  region size 1024K, 22 young (22528K), 22 survivors (22528K)
 Metaspace       used 12788K, committed 12928K, reserved 1064960K
  class space    used 1445K, committed 1536K, reserved 1048576K
}
Event: 55.968 GC heap before
{Heap before GC invocations=21 (full 0):
 garbage-first heap   total 482304K, used 393728K [0x00000000a0c00000, 0x0000000100000000)
  region size 1024K, 163 young (166912K), 22 survivors (22528K)
 Metaspace       used 12788K, committed 12928K, reserved 1064960K
  class space    used 1445K, committed 1536K, reserved 1048576K
}

